<?xml version="1.0" encoding="UTF-8"?>
<testng-results ignored="0" total="1" passed="0" failed="1" skipped="0">
  <reporter-output>
    <line>
      <![CDATA[Entering userid]]>
    </line>
    <line>
      <![CDATA[Entering password]]>
    </line>
    <line>
      <![CDATA[click on login button]]>
    </line>
    <line>
      <![CDATA[Entering pin]]>
    </line>
    <line>
      <![CDATA[click on continue]]>
    </line>
    <line>
      <![CDATA[browser logout]]>
    </line>
    <line>
      <![CDATA[close the browser]]>
    </line>
  </reporter-output>
  <suite started-at="2022-08-10T22:18:18 IST" name="Default suite" finished-at="2022-08-10T22:18:44 IST" duration-ms="26054">
    <groups>
    </groups>
    <test started-at="2022-08-10T22:18:18 IST" name="Default test" finished-at="2022-08-10T22:18:44 IST" duration-ms="26054">
      <class name="kiteLaunchUsingTestNG.KiteLaunchValidateUser">
        <test-method is-config="true" signature="launchBrowser()[pri:0, instance:kiteLaunchUsingTestNG.KiteLaunchValidateUser@49c7b90e]" started-at="2022-08-10T22:18:18 IST" name="launchBrowser" finished-at="2022-08-10T22:18:37 IST" duration-ms="18696" status="PASS">
          <reporter-output>
          </reporter-output>
        </test-method> <!-- launchBrowser -->
        <test-method is-config="true" signature="logingKite()[pri:0, instance:kiteLaunchUsingTestNG.KiteLaunchValidateUser@49c7b90e]" started-at="2022-08-10T22:18:37 IST" name="logingKite" finished-at="2022-08-10T22:18:38 IST" duration-ms="849" status="PASS">
          <reporter-output>
            <line>
              <![CDATA[Entering userid]]>
            </line>
            <line>
              <![CDATA[Entering password]]>
            </line>
            <line>
              <![CDATA[click on login button]]>
            </line>
            <line>
              <![CDATA[Entering pin]]>
            </line>
            <line>
              <![CDATA[click on continue]]>
            </line>
          </reporter-output>
        </test-method> <!-- logingKite -->
        <test-method signature="validateUser()[pri:0, instance:kiteLaunchUsingTestNG.KiteLaunchValidateUser@49c7b90e]" started-at="2022-08-10T22:18:38 IST" name="validateUser" finished-at="2022-08-10T22:18:41 IST" duration-ms="3689" status="FAIL">
          <exception class="java.lang.AssertionError">
            <message>
              <![CDATA[test case is failled expectedid and actualid is not machhing expected [ELR321] but found [TI7832]]]>
            </message>
            <full-stacktrace>
              <![CDATA[java.lang.AssertionError: test case is failled expectedid and actualid is not machhing expected [ELR321] but found [TI7832]
at org.testng.Assert.fail(Assert.java:99)
at org.testng.Assert.failNotEquals(Assert.java:1037)
at org.testng.Assert.assertEqualsImpl(Assert.java:140)
at org.testng.Assert.assertEquals(Assert.java:122)
at org.testng.Assert.assertEquals(Assert.java:629)
at kiteLaunchUsingTestNG.KiteLaunchValidateUser.validateUser(KiteLaunchValidateUser.java:78)
at java.base/jdk.internal.reflect.NativeMethodAccessorImpl.invoke0(Native Method)
at java.base/jdk.internal.reflect.NativeMethodAccessorImpl.invoke(NativeMethodAccessorImpl.java:62)
at java.base/jdk.internal.reflect.DelegatingMethodAccessorImpl.invoke(DelegatingMethodAccessorImpl.java:43)
at java.base/java.lang.reflect.Method.invoke(Method.java:566)
at org.testng.internal.MethodInvocationHelper.invokeMethod(MethodInvocationHelper.java:133)
at org.testng.internal.TestInvoker.invokeMethod(TestInvoker.java:598)
at org.testng.internal.TestInvoker.invokeTestMethod(TestInvoker.java:173)
at org.testng.internal.MethodRunner.runInSequence(MethodRunner.java:46)
at org.testng.internal.TestInvoker$MethodInvocationAgent.invoke(TestInvoker.java:824)
at org.testng.internal.TestInvoker.invokeTestMethods(TestInvoker.java:146)
at org.testng.internal.TestMethodWorker.invokeTestMethods(TestMethodWorker.java:146)
at org.testng.internal.TestMethodWorker.run(TestMethodWorker.java:128)
at java.base/java.util.ArrayList.forEach(ArrayList.java:1541)
at org.testng.TestRunner.privateRun(TestRunner.java:794)
at org.testng.TestRunner.run(TestRunner.java:596)
at org.testng.SuiteRunner.runTest(SuiteRunner.java:377)
at org.testng.SuiteRunner.runSequentially(SuiteRunner.java:371)
at org.testng.SuiteRunner.privateRun(SuiteRunner.java:332)
at org.testng.SuiteRunner.run(SuiteRunner.java:276)
at org.testng.SuiteRunnerWorker.runSuite(SuiteRunnerWorker.java:53)
at org.testng.SuiteRunnerWorker.run(SuiteRunnerWorker.java:96)
at org.testng.TestNG.runSuitesSequentially(TestNG.java:1212)
at org.testng.TestNG.runSuitesLocally(TestNG.java:1134)
at org.testng.TestNG.runSuites(TestNG.java:1063)
at org.testng.TestNG.run(TestNG.java:1031)
at org.testng.remote.AbstractRemoteTestNG.run(AbstractRemoteTestNG.java:115)
at org.testng.remote.RemoteTestNG.initAndRun(RemoteTestNG.java:251)
at org.testng.remote.RemoteTestNG.main(RemoteTestNG.java:77)
]]>
            </full-stacktrace>
          </exception> <!-- java.lang.AssertionError -->
          <reporter-output>
          </reporter-output>
        </test-method> <!-- validateUser -->
        <test-method is-config="true" signature="kiteLogout()[pri:0, instance:kiteLaunchUsingTestNG.KiteLaunchValidateUser@49c7b90e]" started-at="2022-08-10T22:18:42 IST" name="kiteLogout" finished-at="2022-08-10T22:18:44 IST" duration-ms="2441" status="PASS">
          <reporter-output>
            <line>
              <![CDATA[browser logout]]>
            </line>
          </reporter-output>
        </test-method> <!-- kiteLogout -->
        <test-method is-config="true" signature="KitePageClose()[pri:0, instance:kiteLaunchUsingTestNG.KiteLaunchValidateUser@49c7b90e]" started-at="2022-08-10T22:18:44 IST" name="KitePageClose" finished-at="2022-08-10T22:18:44 IST" duration-ms="281" status="PASS">
          <reporter-output>
            <line>
              <![CDATA[close the browser]]>
            </line>
          </reporter-output>
        </test-method> <!-- KitePageClose -->
      </class> <!-- kiteLaunchUsingTestNG.KiteLaunchValidateUser -->
    </test> <!-- Default test -->
  </suite> <!-- Default suite -->
</testng-results>
